<?xml version="1.0" encoding="UTF-8"?>
<!-- Generated by org.testng.reporters.JUnitReportReporter -->
<testsuite hostname="DESKTOP-PS5V1P4" failures="0" tests="1" name="Package_Get_Request.Get_Class" time="8.647" errors="0" timestamp="2023-06-15T11:42:13 IST" skipped="0">
  <testcase classname="Package_Get_Request.Get_Class" name="execute" time="8.647"/>
  <system-out/>
</testsuite> <!-- Package_Get_Request.Get_Class -->
